Using pre-set license
Built from '2021.1/release' branch; Version is '2021.1.0f1 (61a549675243) revision 6399305'; Using compiler version '192528614'; Build Type 'Release'
OS: 'Windows 10 Home; OS build 18363.1440; Version 1909; 64bit' Language: 'en' Physical Memory: 7115 MB
BatchMode: 1, IsHumanControllingUs: 0, StartBugReporterOnCrash: 0, Is64bit: 1, IsPro: 0

 COMMAND LINE ARGUMENTS:
C:\Program Files\Unity\Hub\Editor\2021.1.0f1\Editor\Unity.exe
-adb2
-batchMode
-noUpm
-name
AssetImportWorker0
-projectPath
C:/Users/ramon/Documents/Unity/Space Game
-logFile
Logs/AssetImportWorker0.log
-srvPort
50261
Successfully changed project path to: C:/Users/ramon/Documents/Unity/Space Game
C:/Users/ramon/Documents/Unity/Space Game
Using Asset Import Pipeline V2.
Refreshing native plugins compatible for Editor in 118.53 ms, found 1 plugins.
Preloading 0 native plugins for Editor in 0.00 ms.
Initialize engine version: 2021.1.0f1 (61a549675243)
[Subsystems] Discovering subsystems at path C:/Program Files/Unity/Hub/Editor/2021.1.0f1/Editor/Data/Resources/UnitySubsystems
[Subsystems] Discovering subsystems at path C:/Users/ramon/Documents/Unity/Space Game/Assets
GfxDevice: creating device client; threaded=0; jobified=0
Direct3D:
    Version:  Direct3D 11.0 [level 11.1]
    Renderer: NVIDIA GeForce GT 1030 (ID=0x1d01)
    Vendor:   NVIDIA
    VRAM:     1982 MB
    Driver:   27.21.14.6192
Shader 'WFX/Transparent Specular': fallback shader 'Particles/Alpha Blended' not found
Shader 'WFX/Transparent Diffuse': fallback shader 'Particles/Alpha Blended' not found
Initialize mono
Mono path[0] = 'C:/Program Files/Unity/Hub/Editor/2021.1.0f1/Editor/Data/Managed'
Mono path[1] = 'C:/Program Files/Unity/Hub/Editor/2021.1.0f1/Editor/Data/MonoBleedingEdge/lib/mono/unityjit'
Mono config path = 'C:/Program Files/Unity/Hub/Editor/2021.1.0f1/Editor/Data/MonoBleedingEdge/etc'
Using monoOptions --debugger-agent=transport=dt_socket,embedding=1,server=y,suspend=n,address=127.0.0.1:56508
Begin MonoManager ReloadAssembly
Registering precompiled unity dll's ...
Register platform support module: C:/Program Files/Unity/Hub/Editor/2021.1.0f1/Editor/Data/PlaybackEngines/WebGLSupport/UnityEditor.WebGL.Extensions.dll
Register platform support module: C:/Program Files/Unity/Hub/Editor/2021.1.0f1/Editor/Data/PlaybackEngines/MacStandaloneSupport/UnityEditor.OSXStandalone.Extensions.dll
Register platform support module: C:/Program Files/Unity/Hub/Editor/2021.1.0f1/Editor/Data/PlaybackEngines/WindowsStandaloneSupport/UnityEditor.WindowsStandalone.Extensions.dll
Register platform support module: C:/Program Files/Unity/Hub/Editor/2021.1.0f1/Editor/Data/PlaybackEngines/LinuxStandaloneSupport/UnityEditor.LinuxStandalone.Extensions.dll
Registered in 0.012926 seconds.
Native extension for LinuxStandalone target not found
Native extension for WindowsStandalone target not found
Native extension for OSXStandalone target not found
Native extension for WebGL target not found
Refreshing native plugins compatible for Editor in 161.39 ms, found 1 plugins.
Preloading 0 native plugins for Editor in 0.00 ms.
Mono: successfully reloaded assembly
- Completed reload, in  8.186 seconds
Platform modules already initialized, skipping
Registering precompiled user dll's ...
Registered in 0.018638 seconds.
Begin MonoManager ReloadAssembly
Native extension for LinuxStandalone target not found
Native extension for WindowsStandalone target not found
Native extension for OSXStandalone target not found
Native extension for WebGL target not found
Refreshing native plugins compatible for Editor in 2.88 ms, found 1 plugins.
Preloading 0 native plugins for Editor in 0.00 ms.
Mono: successfully reloaded assembly
- Completed reload, in  3.283 seconds
Platform modules already initialized, skipping
========================================================================
Worker process is ready to serve import requests
Shader 'WFX/Transparent Specular': fallback shader 'Particles/Alpha Blended' not found
Shader 'WFX/Transparent Diffuse': fallback shader 'Particles/Alpha Blended' not found
Launched and connected shader compiler UnityShaderCompiler.exe after 0.13 seconds
Refreshing native plugins compatible for Editor in 1.93 ms, found 1 plugins.
Preloading 0 native plugins for Editor in 0.00 ms.
Unloading 2880 Unused Serialized files (Serialized files now loaded: 0)
System memory in use before: 111.2 MB.
System memory in use after: 111.4 MB.

Unloading 16 unused Assets to reduce memory usage. Loaded Objects now: 3334.
Total: 5.466300 ms (FindLiveObjects: 0.330800 ms CreateObjectMapping: 0.164300 ms MarkObjects: 4.881300 ms  DeleteObjects: 0.088100 ms)

========================================================================
Received Import Request.
  path: Assets/SkySerie Freebie/HighFantasy.mat
  artifactKey: Guid(e2341a9d03e86ec4290c72b1e22bbc7c) Importer(815301076,1909f56bfc062723c751e8b465ee728b)
Start importing Assets/SkySerie Freebie/HighFantasy.mat using Guid(e2341a9d03e86ec4290c72b1e22bbc7c) Importer(815301076,1909f56bfc062723c751e8b465ee728b)  -> (artifact id: 'a63b9aac1d9579ba727172096f7b7ced') in 0.384688 seconds 
========================================================================
Received Import Request.
  Time since last request: 0.002315 seconds.
  path: Assets/SkySerie Freebie/UnderTheSea4k.mat
  artifactKey: Guid(119ec07f1c7ed204db46bd8465fd5a50) Importer(815301076,1909f56bfc062723c751e8b465ee728b)
Start importing Assets/SkySerie Freebie/UnderTheSea4k.mat using Guid(119ec07f1c7ed204db46bd8465fd5a50) Importer(815301076,1909f56bfc062723c751e8b465ee728b)  -> (artifact id: '586c85b890ebe2de7a0c9dcdb5381060') in 0.107361 seconds 
========================================================================
Received Import Request.
  Time since last request: 0.000918 seconds.
  path: Assets/SkySerie Freebie/UnearthlyRed.mat
  artifactKey: Guid(5d133deeaa66ed445853e946ff25e073) Importer(815301076,1909f56bfc062723c751e8b465ee728b)
Start importing Assets/SkySerie Freebie/UnearthlyRed.mat using Guid(5d133deeaa66ed445853e946ff25e073) Importer(815301076,1909f56bfc062723c751e8b465ee728b)  -> (artifact id: 'a836a27d37b1aa21812dd8299f75a508') in 0.075083 seconds 
========================================================================
Received Import Request.
  Time since last request: 0.000240 seconds.
  path: Assets/SkySerie Freebie/FreebieHdri/DayInTheClouds4k.hdr
  artifactKey: Guid(90196f2c2d8d2f2448717676e1a09894) Importer(815301076,1909f56bfc062723c751e8b465ee728b)
Start importing Assets/SkySerie Freebie/FreebieHdri/DayInTheClouds4k.hdr using Guid(90196f2c2d8d2f2448717676e1a09894) Importer(815301076,1909f56bfc062723c751e8b465ee728b)  -> (artifact id: '7192b534a522f21c625d67ee2605a3aa') in 0.177716 seconds 
========================================================================
Received Import Request.
  Time since last request: 0.000217 seconds.
  path: Assets/SkySerie Freebie
  artifactKey: Guid(b4900a7171286b64f9d1b5468babb019) Importer(815301076,1909f56bfc062723c751e8b465ee728b)
Start importing Assets/SkySerie Freebie using Guid(b4900a7171286b64f9d1b5468babb019) Importer(815301076,1909f56bfc062723c751e8b465ee728b)  -> (artifact id: '5d7d5986581bd86267a9e73e8b5490a4') in 0.017017 seconds 
========================================================================
Received Import Request.
  Time since last request: 0.000274 seconds.
  path: Assets/SkySerie Freebie/CosmicCoolCloud.mat
  artifactKey: Guid(f531e09e2ad2fb440b4eed7605863143) Importer(815301076,1909f56bfc062723c751e8b465ee728b)
Start importing Assets/SkySerie Freebie/CosmicCoolCloud.mat using Guid(f531e09e2ad2fb440b4eed7605863143) Importer(815301076,1909f56bfc062723c751e8b465ee728b)  -> (artifact id: '7b131071f87f04e200a18d29091d045b') in 0.078844 seconds 
========================================================================
Received Import Request.
  Time since last request: 0.000214 seconds.
  path: Assets/SkySerie Freebie/SunlessCirruscover.mat
  artifactKey: Guid(4e154bf235e41704bbd6bbc6fd6c63f6) Importer(815301076,1909f56bfc062723c751e8b465ee728b)
Start importing Assets/SkySerie Freebie/SunlessCirruscover.mat using Guid(4e154bf235e41704bbd6bbc6fd6c63f6) Importer(815301076,1909f56bfc062723c751e8b465ee728b)  -> (artifact id: 'd151707d9755681c03e02a35d6a509cc') in 0.101507 seconds 
========================================================================
Received Import Request.
  Time since last request: 0.001314 seconds.
  path: Assets/SkySerie Freebie/6SidedMegaSun.mat
  artifactKey: Guid(c52c5d7968fa6c9499b0b5752f899bfb) Importer(815301076,1909f56bfc062723c751e8b465ee728b)
Start importing Assets/SkySerie Freebie/6SidedMegaSun.mat using Guid(c52c5d7968fa6c9499b0b5752f899bfb) Importer(815301076,1909f56bfc062723c751e8b465ee728b)  -> (artifact id: 'ebad2863dbfdbd1754b37b5c0e57a1be') in 0.058216 seconds 
========================================================================
Received Import Request.
  Time since last request: 0.000316 seconds.
  path: Assets/SkySerie Freebie/DayInTheClouds.mat
  artifactKey: Guid(3e5399bd195de7649b874f58c1b9f8a3) Importer(815301076,1909f56bfc062723c751e8b465ee728b)
Start importing Assets/SkySerie Freebie/DayInTheClouds.mat using Guid(3e5399bd195de7649b874f58c1b9f8a3) Importer(815301076,1909f56bfc062723c751e8b465ee728b)  -> (artifact id: '0c28e16f7db4554deeab1c35b0a0f319') in 0.092543 seconds 
========================================================================
Received Import Request.
  Time since last request: 0.000210 seconds.
  path: Assets/SkySerie Freebie/6SidedFluffball.mat
  artifactKey: Guid(efd1c33efd2d58340b88804268e6833f) Importer(815301076,1909f56bfc062723c751e8b465ee728b)
Start importing Assets/SkySerie Freebie/6SidedFluffball.mat using Guid(efd1c33efd2d58340b88804268e6833f) Importer(815301076,1909f56bfc062723c751e8b465ee728b)  -> (artifact id: '67b9d7b882b997e7e0f6f4016013e386') in 0.046579 seconds 
========================================================================
Received Import Request.
  Time since last request: 0.001372 seconds.
  path: Assets/SkySerie Freebie/Cloudymorning.mat
  artifactKey: Guid(d9dca9ae1786c394f9e79c637aa9a7bf) Importer(815301076,1909f56bfc062723c751e8b465ee728b)
Start importing Assets/SkySerie Freebie/Cloudymorning.mat using Guid(d9dca9ae1786c394f9e79c637aa9a7bf) Importer(815301076,1909f56bfc062723c751e8b465ee728b)  -> (artifact id: '71e82d7f8a79c16b4eac955c47d3cf12') in 0.070970 seconds 
========================================================================
Received Import Request.
  Time since last request: 0.000220 seconds.
  path: Assets/SkySerie Freebie/CoriolisNight4k.mat
  artifactKey: Guid(d4454f71d85928744be7771e2143dab7) Importer(815301076,1909f56bfc062723c751e8b465ee728b)
Start importing Assets/SkySerie Freebie/CoriolisNight4k.mat using Guid(d4454f71d85928744be7771e2143dab7) Importer(815301076,1909f56bfc062723c751e8b465ee728b)  -> (artifact id: '0d313488ace6e99c81575c0b44924326') in 0.150106 seconds 
========================================================================
Received Import Request.
  Time since last request: 0.000215 seconds.
  path: Assets/SkySerie Freebie/SkyhighFluffycloudField.mat
  artifactKey: Guid(f15c336556dd74f40aaca655f7767970) Importer(815301076,1909f56bfc062723c751e8b465ee728b)
Start importing Assets/SkySerie Freebie/SkyhighFluffycloudField.mat using Guid(f15c336556dd74f40aaca655f7767970) Importer(815301076,1909f56bfc062723c751e8b465ee728b)  -> (artifact id: '03f3f03d2e4f42cc467619dce36d44d7') in 0.153010 seconds 
========================================================================
Received Import Request.
  Time since last request: 0.000243 seconds.
  path: Assets/SkySerie Freebie/PlanetaryEarth.mat
  artifactKey: Guid(16bc8a9d5451ca44d8f70575adbece3a) Importer(815301076,1909f56bfc062723c751e8b465ee728b)
Start importing Assets/SkySerie Freebie/PlanetaryEarth.mat using Guid(16bc8a9d5451ca44d8f70575adbece3a) Importer(815301076,1909f56bfc062723c751e8b465ee728b)  -> (artifact id: '6a56209606850e96a62e6eeacfc6df25') in 0.107964 seconds 
========================================================================
Received Import Request.
  Time since last request: 0.000513 seconds.
  path: Assets/SkySerie Freebie/FreebieHdri/UnearthlyRed4k.hdr
  artifactKey: Guid(a3de28b69b48944438c87668bd722ae7) Importer(815301076,1909f56bfc062723c751e8b465ee728b)
Start importing Assets/SkySerie Freebie/FreebieHdri/UnearthlyRed4k.hdr using Guid(a3de28b69b48944438c87668bd722ae7) Importer(815301076,1909f56bfc062723c751e8b465ee728b)  -> (artifact id: '35d3422446a8e0d51fe66ee471e1e7b7') in 0.073618 seconds 
========================================================================
Received Import Request.
  Time since last request: 0.000248 seconds.
  path: Assets/SkySerie Freebie/FreebieHdri/FluffballDay4k.hdr
  artifactKey: Guid(3e80b688af9b1d84ea52c5d36bb1cbbd) Importer(815301076,1909f56bfc062723c751e8b465ee728b)
Start importing Assets/SkySerie Freebie/FreebieHdri/FluffballDay4k.hdr using Guid(3e80b688af9b1d84ea52c5d36bb1cbbd) Importer(815301076,1909f56bfc062723c751e8b465ee728b)  -> (artifact id: '4862df943a8c3813cfc9c5be783d9a38') in 0.096908 seconds 
========================================================================
Received Import Request.
  Time since last request: 0.000357 seconds.
  path: Assets/SkySerie Freebie/DarkStorm.mat
  artifactKey: Guid(2039a0ad0a9d05549928b70362f54902) Importer(815301076,1909f56bfc062723c751e8b465ee728b)
Start importing Assets/SkySerie Freebie/DarkStorm.mat using Guid(2039a0ad0a9d05549928b70362f54902) Importer(815301076,1909f56bfc062723c751e8b465ee728b)  -> (artifact id: 'b11e7f950dcfc429949424fba1303afe') in 0.145410 seconds 
========================================================================
Received Import Request.
  Time since last request: 0.000240 seconds.
  path: Assets/SkySerie Freebie/AmbienceExposure.mat
  artifactKey: Guid(72deae4d18418f94688abef8e8483df0) Importer(815301076,1909f56bfc062723c751e8b465ee728b)
Start importing Assets/SkySerie Freebie/AmbienceExposure.mat using Guid(72deae4d18418f94688abef8e8483df0) Importer(815301076,1909f56bfc062723c751e8b465ee728b)  -> (artifact id: 'b85b475eb56c7bb154c1e4a1256fb23e') in 0.124739 seconds 
========================================================================
Received Import Request.
  Time since last request: 0.000246 seconds.
  path: Assets/SkySerie Freebie/CloudedSunGlow.mat
  artifactKey: Guid(e391f00234292cc4f935308c11cf0e54) Importer(815301076,1909f56bfc062723c751e8b465ee728b)
Start importing Assets/SkySerie Freebie/CloudedSunGlow.mat using Guid(e391f00234292cc4f935308c11cf0e54) Importer(815301076,1909f56bfc062723c751e8b465ee728b)  -> (artifact id: 'dfa31e6101d3957ca4b40404c6307f35') in 0.176515 seconds 
========================================================================
Received Import Request.
  Time since last request: 0.001385 seconds.
  path: Assets/SkySerie Freebie/FluffballDay.mat
  artifactKey: Guid(20d4f77b9022eab48b4d94599ed4bf82) Importer(815301076,1909f56bfc062723c751e8b465ee728b)
Start importing Assets/SkySerie Freebie/FluffballDay.mat using Guid(20d4f77b9022eab48b4d94599ed4bf82) Importer(815301076,1909f56bfc062723c751e8b465ee728b)  -> (artifact id: '44f09ff7bc35f937932cbb3e4ccac864') in 0.075649 seconds 
========================================================================
Received Import Request.
  Time since last request: 0.000217 seconds.
  path: Assets/SkySerie Freebie/CasualDay.mat
  artifactKey: Guid(85cf0b004bc4a654b9e501efcce47902) Importer(815301076,1909f56bfc062723c751e8b465ee728b)
Start importing Assets/SkySerie Freebie/CasualDay.mat using Guid(85cf0b004bc4a654b9e501efcce47902) Importer(815301076,1909f56bfc062723c751e8b465ee728b)  -> (artifact id: '9ac03b3dd70fb5f4e7017c67cc98311a') in 0.066892 seconds 
========================================================================
Received Import Request.
  Time since last request: 0.000227 seconds.
  path: Assets/SkySerie Freebie/MegaSun.mat
  artifactKey: Guid(cede08c9fc471e64884909cd4bbeaf59) Importer(815301076,1909f56bfc062723c751e8b465ee728b)
Start importing Assets/SkySerie Freebie/MegaSun.mat using Guid(cede08c9fc471e64884909cd4bbeaf59) Importer(815301076,1909f56bfc062723c751e8b465ee728b)  -> (artifact id: '631b0230e4e6197930e2667626b57c81') in 0.147283 seconds 
========================================================================
Received Import Request.
  Time since last request: 0.055131 seconds.
  path: Assets/SkySerie Freebie/FreebieHdri/UnderTheSea4k.hdr
  artifactKey: Guid(26cddb2a3a1bc804d8e9ca09b109793a) Importer(815301076,1909f56bfc062723c751e8b465ee728b)
Start importing Assets/SkySerie Freebie/FreebieHdri/UnderTheSea4k.hdr using Guid(26cddb2a3a1bc804d8e9ca09b109793a) Importer(815301076,1909f56bfc062723c751e8b465ee728b)  -> (artifact id: 'ded9822030ceb0ecacd2587fdddeb554') in 0.069498 seconds 
========================================================================
Received Import Request.
  Time since last request: 2.485294 seconds.
  path: Assets/SkySerie Freebie/FreebieHdri/SunlessCirruscover4k.hdr
  artifactKey: Guid(99af420a4ccafa74abdc47436d8b0685) Importer(815301076,1909f56bfc062723c751e8b465ee728b)
Start importing Assets/SkySerie Freebie/FreebieHdri/SunlessCirruscover4k.hdr using Guid(99af420a4ccafa74abdc47436d8b0685) Importer(815301076,1909f56bfc062723c751e8b465ee728b)  -> (artifact id: 'baece827bfc210d326b35010f95d4a5e') in 0.105134 seconds 
========================================================================
Received Prepare
Registering precompiled user dll's ...
Registered in 0.011688 seconds.
Begin MonoManager ReloadAssembly
Native extension for LinuxStandalone target not found
Native extension for WindowsStandalone target not found
Native extension for OSXStandalone target not found
Native extension for WebGL target not found
Refreshing native plugins compatible for Editor in 6.71 ms, found 1 plugins.
Preloading 0 native plugins for Editor in 0.00 ms.
Mono: successfully reloaded assembly
- Completed reload, in  2.861 seconds
Platform modules already initialized, skipping
Shader 'WFX/Transparent Specular': fallback shader 'Particles/Alpha Blended' not found
Shader 'WFX/Transparent Diffuse': fallback shader 'Particles/Alpha Blended' not found
Refreshing native plugins compatible for Editor in 1.89 ms, found 1 plugins.
Preloading 0 native plugins for Editor in 0.00 ms.
Unloading 2853 Unused Serialized files (Serialized files now loaded: 0)
System memory in use before: 275.2 MB.
System memory in use after: 275.4 MB.

Unloading 11 unused Assets to reduce memory usage. Loaded Objects now: 3455.
Total: 7.587200 ms (FindLiveObjects: 0.498100 ms CreateObjectMapping: 0.210300 ms MarkObjects: 6.523400 ms  DeleteObjects: 0.353500 ms)

========================================================================
Received Prepare
Registering precompiled user dll's ...
Registered in 0.014319 seconds.
Begin MonoManager ReloadAssembly
Native extension for LinuxStandalone target not found
Native extension for WindowsStandalone target not found
Native extension for OSXStandalone target not found
Native extension for WebGL target not found
Refreshing native plugins compatible for Editor in 0.72 ms, found 1 plugins.
Preloading 0 native plugins for Editor in 0.00 ms.
Mono: successfully reloaded assembly
- Completed reload, in  2.414 seconds
Platform modules already initialized, skipping
Shader 'WFX/Transparent Specular': fallback shader 'Particles/Alpha Blended' not found
Shader 'WFX/Transparent Diffuse': fallback shader 'Particles/Alpha Blended' not found
Refreshing native plugins compatible for Editor in 0.91 ms, found 1 plugins.
Preloading 0 native plugins for Editor in 0.00 ms.
Unloading 2848 Unused Serialized files (Serialized files now loaded: 0)
System memory in use before: 275.1 MB.
System memory in use after: 275.3 MB.

Unloading 11 unused Assets to reduce memory usage. Loaded Objects now: 3458.
Total: 8.053800 ms (FindLiveObjects: 1.301300 ms CreateObjectMapping: 0.786600 ms MarkObjects: 5.887300 ms  DeleteObjects: 0.077300 ms)

========================================================================
Received Prepare
Registering precompiled user dll's ...
Registered in 0.009945 seconds.
Begin MonoManager ReloadAssembly
Native extension for LinuxStandalone target not found
Native extension for WindowsStandalone target not found
Native extension for OSXStandalone target not found
Native extension for WebGL target not found
Refreshing native plugins compatible for Editor in 1.03 ms, found 1 plugins.
Preloading 0 native plugins for Editor in 0.00 ms.
Mono: successfully reloaded assembly
- Completed reload, in  2.439 seconds
Platform modules already initialized, skipping
Shader 'WFX/Transparent Specular': fallback shader 'Particles/Alpha Blended' not found
Shader 'WFX/Transparent Diffuse': fallback shader 'Particles/Alpha Blended' not found
Refreshing native plugins compatible for Editor in 1.68 ms, found 1 plugins.
Preloading 0 native plugins for Editor in 0.00 ms.
Unloading 2848 Unused Serialized files (Serialized files now loaded: 0)
System memory in use before: 275.2 MB.
System memory in use after: 275.4 MB.

Unloading 11 unused Assets to reduce memory usage. Loaded Objects now: 3461.
Total: 15.405700 ms (FindLiveObjects: 3.835500 ms CreateObjectMapping: 4.324300 ms MarkObjects: 7.176800 ms  DeleteObjects: 0.067700 ms)

========================================================================
Received Import Request.
  Time since last request: 318.317705 seconds.
  path: Assets/Grenade.prefab
  artifactKey: Guid(30d94a98781496a41a1dc73ea36a45c9) Importer(815301076,1909f56bfc062723c751e8b465ee728b)
Start importing Assets/Grenade.prefab using Guid(30d94a98781496a41a1dc73ea36a45c9) Importer(815301076,1909f56bfc062723c751e8b465ee728b)  -> (artifact id: '9eb6529c717b5152506413903ecad9de') in 0.093986 seconds 
========================================================================
Received Import Request.
  Time since last request: 51.502718 seconds.
  path: Assets/DestroySelfPeriod.cs
  artifactKey: Guid(4aa4959db203fc0429cce4e5a1294cbe) Importer(815301076,1909f56bfc062723c751e8b465ee728b)
Start importing Assets/DestroySelfPeriod.cs using Guid(4aa4959db203fc0429cce4e5a1294cbe) Importer(815301076,1909f56bfc062723c751e8b465ee728b)  -> (artifact id: 'f4b88f8a40887038eef6cb3bae6c9189') in 0.023708 seconds 
========================================================================
Received Import Request.
  Time since last request: 1.143467 seconds.
  path: Assets/Enemy.cs
  artifactKey: Guid(1a1a674847edd8a468ab8645c5e84525) Importer(815301076,1909f56bfc062723c751e8b465ee728b)
Start importing Assets/Enemy.cs using Guid(1a1a674847edd8a468ab8645c5e84525) Importer(815301076,1909f56bfc062723c751e8b465ee728b)  -> (artifact id: '6b0d4f7e6d6e87a721d3c59b8f0f0728') in 0.016218 seconds 
========================================================================
Received Import Request.
  Time since last request: 1.500102 seconds.
  path: Assets/Menu.cs
  artifactKey: Guid(7ca94a13c9d237545bb616c5b964f3bf) Importer(815301076,1909f56bfc062723c751e8b465ee728b)
Start importing Assets/Menu.cs using Guid(7ca94a13c9d237545bb616c5b964f3bf) Importer(815301076,1909f56bfc062723c751e8b465ee728b)  -> (artifact id: '2dd778a970359f2b805597ac85afc8cf') in 0.015857 seconds 
========================================================================
Received Import Request.
  Time since last request: 0.303204 seconds.
  path: Assets/Grenade.cs
  artifactKey: Guid(f383e696eb6ffec4da637c98599041c6) Importer(815301076,1909f56bfc062723c751e8b465ee728b)
Start importing Assets/Grenade.cs using Guid(f383e696eb6ffec4da637c98599041c6) Importer(815301076,1909f56bfc062723c751e8b465ee728b)  -> (artifact id: '478a2b3dc5ad27f2e1221ee7d2c68724') in 0.005404 seconds 
========================================================================
Received Prepare
Registering precompiled user dll's ...
Registered in 0.009394 seconds.
Begin MonoManager ReloadAssembly
Native extension for LinuxStandalone target not found
Native extension for WindowsStandalone target not found
Native extension for OSXStandalone target not found
Native extension for WebGL target not found
Refreshing native plugins compatible for Editor in 2.52 ms, found 1 plugins.
Preloading 0 native plugins for Editor in 0.00 ms.
Mono: successfully reloaded assembly
- Completed reload, in  4.470 seconds
Platform modules already initialized, skipping
Shader 'WFX/Transparent Specular': fallback shader 'Particles/Alpha Blended' not found
Shader 'WFX/Transparent Diffuse': fallback shader 'Particles/Alpha Blended' not found
Refreshing native plugins compatible for Editor in 0.63 ms, found 1 plugins.
Preloading 0 native plugins for Editor in 0.00 ms.
Unloading 2848 Unused Serialized files (Serialized files now loaded: 0)
System memory in use before: 275.2 MB.
System memory in use after: 275.4 MB.

Unloading 11 unused Assets to reduce memory usage. Loaded Objects now: 3466.
Total: 4.758900 ms (FindLiveObjects: 0.451400 ms CreateObjectMapping: 0.151600 ms MarkObjects: 4.083000 ms  DeleteObjects: 0.071500 ms)

========================================================================
Received Import Request.
  Time since last request: 127.446487 seconds.
  path: Assets/Grenade.cs
  artifactKey: Guid(f383e696eb6ffec4da637c98599041c6) Importer(815301076,1909f56bfc062723c751e8b465ee728b)
Start importing Assets/Grenade.cs using Guid(f383e696eb6ffec4da637c98599041c6) Importer(815301076,1909f56bfc062723c751e8b465ee728b)  -> (artifact id: '0093300d41d739d2a01324772078b105') in 0.011076 seconds 
========================================================================
Received Prepare
Registering precompiled user dll's ...
Registered in 0.008955 seconds.
Begin MonoManager ReloadAssembly
Native extension for LinuxStandalone target not found
Native extension for WindowsStandalone target not found
Native extension for OSXStandalone target not found
Native extension for WebGL target not found
Refreshing native plugins compatible for Editor in 3.81 ms, found 1 plugins.
Preloading 0 native plugins for Editor in 0.00 ms.
Mono: successfully reloaded assembly
- Completed reload, in  2.822 seconds
Platform modules already initialized, skipping
Shader 'WFX/Transparent Specular': fallback shader 'Particles/Alpha Blended' not found
Shader 'WFX/Transparent Diffuse': fallback shader 'Particles/Alpha Blended' not found
Refreshing native plugins compatible for Editor in 0.97 ms, found 1 plugins.
Preloading 0 native plugins for Editor in 0.00 ms.
Unloading 2848 Unused Serialized files (Serialized files now loaded: 0)
System memory in use before: 275.2 MB.
System memory in use after: 275.5 MB.

Unloading 11 unused Assets to reduce memory usage. Loaded Objects now: 3469.
Total: 7.106300 ms (FindLiveObjects: 0.443700 ms CreateObjectMapping: 0.183800 ms MarkObjects: 6.050300 ms  DeleteObjects: 0.426900 ms)

========================================================================
Received Prepare
Registering precompiled user dll's ...
Registered in 0.006169 seconds.
Begin MonoManager ReloadAssembly
Native extension for LinuxStandalone target not found
Native extension for WindowsStandalone target not found
Native extension for OSXStandalone target not found
Native extension for WebGL target not found
Refreshing native plugins compatible for Editor in 1.78 ms, found 1 plugins.
Preloading 0 native plugins for Editor in 0.00 ms.
Mono: successfully reloaded assembly
- Completed reload, in  2.276 seconds
Platform modules already initialized, skipping
Shader 'WFX/Transparent Specular': fallback shader 'Particles/Alpha Blended' not found
Shader 'WFX/Transparent Diffuse': fallback shader 'Particles/Alpha Blended' not found
Refreshing native plugins compatible for Editor in 0.64 ms, found 1 plugins.
Preloading 0 native plugins for Editor in 0.00 ms.
Unloading 2849 Unused Serialized files (Serialized files now loaded: 0)
System memory in use before: 275.3 MB.
System memory in use after: 275.5 MB.

Unloading 11 unused Assets to reduce memory usage. Loaded Objects now: 3473.
Total: 3.164100 ms (FindLiveObjects: 0.325100 ms CreateObjectMapping: 0.099300 ms MarkObjects: 2.675500 ms  DeleteObjects: 0.062400 ms)

========================================================================
Received Prepare
Registering precompiled user dll's ...
Registered in 0.005580 seconds.
Begin MonoManager ReloadAssembly
Native extension for LinuxStandalone target not found
Native extension for WindowsStandalone target not found
Native extension for OSXStandalone target not found
Native extension for WebGL target not found
Refreshing native plugins compatible for Editor in 0.68 ms, found 1 plugins.
Preloading 0 native plugins for Editor in 0.00 ms.
Mono: successfully reloaded assembly
- Completed reload, in  2.060 seconds
Platform modules already initialized, skipping
Shader 'WFX/Transparent Specular': fallback shader 'Particles/Alpha Blended' not found
Shader 'WFX/Transparent Diffuse': fallback shader 'Particles/Alpha Blended' not found
Refreshing native plugins compatible for Editor in 1.21 ms, found 1 plugins.
Preloading 0 native plugins for Editor in 0.00 ms.
Unloading 2849 Unused Serialized files (Serialized files now loaded: 0)
System memory in use before: 275.3 MB.
System memory in use after: 275.5 MB.

Unloading 11 unused Assets to reduce memory usage. Loaded Objects now: 3476.
Total: 4.010100 ms (FindLiveObjects: 1.014100 ms CreateObjectMapping: 0.219600 ms MarkObjects: 2.711700 ms  DeleteObjects: 0.063100 ms)

========================================================================
Received Import Request.
  Time since last request: 1471.665350 seconds.
  path: Assets/SkySerie Freebie/FreebieHdri/AmbienceExposure4k.hdr
  artifactKey: Guid(c9bc6cdb7a2e78b4c85ae74715b0a355) Importer(815301076,1909f56bfc062723c751e8b465ee728b)
Start importing Assets/SkySerie Freebie/FreebieHdri/AmbienceExposure4k.hdr using Guid(c9bc6cdb7a2e78b4c85ae74715b0a355) Importer(815301076,1909f56bfc062723c751e8b465ee728b)  -> (artifact id: 'cba376bc39ee1b6b0603fc515c77b3de') in 0.603692 seconds 
========================================================================
Received Import Request.
  Time since last request: 0.000789 seconds.
  path: Assets/FirstPersion AIO Pack/DemoScene/Working Textures/DaySky/Back.png
  artifactKey: Guid(8de32711a8f4df5448e14b373ffe990b) Importer(815301076,1909f56bfc062723c751e8b465ee728b)
Start importing Assets/FirstPersion AIO Pack/DemoScene/Working Textures/DaySky/Back.png using Guid(8de32711a8f4df5448e14b373ffe990b) Importer(815301076,1909f56bfc062723c751e8b465ee728b)  -> (artifact id: '6152b2471bb7abc5ca8557df494ef04d') in 0.120886 seconds 
========================================================================
Received Import Request.
  Time since last request: 4.749444 seconds.
  path: Assets/poggers.png
  artifactKey: Guid(77a323acc1dce074bb125ac8ddb0530b) Importer(815301076,1909f56bfc062723c751e8b465ee728b)
Start importing Assets/poggers.png using Guid(77a323acc1dce074bb125ac8ddb0530b) Importer(815301076,1909f56bfc062723c751e8b465ee728b)  -> (artifact id: '9f802d6b7e957afa686d398110a0f2e3') in 0.039431 seconds 
========================================================================
Received Import Request.
  Time since last request: 159.425522 seconds.
  path: Assets/e.png
  artifactKey: Guid(d5c01e9e50077984ea52e17b952f79bc) Importer(815301076,1909f56bfc062723c751e8b465ee728b)
Start importing Assets/e.png using Guid(d5c01e9e50077984ea52e17b952f79bc) Importer(815301076,1909f56bfc062723c751e8b465ee728b)  -> (artifact id: '8a77eeeb596a4227bc8e2822a329e866') in 0.029621 seconds 
========================================================================
Received Import Request.
  Time since last request: 21.670787 seconds.
  path: Assets/JMO Assets/WarFX/Demo/UI Canvas/CFX Demo Btn Arrow.png
  artifactKey: Guid(6ca93523b0317c242b05932fedb07cb3) Importer(815301076,1909f56bfc062723c751e8b465ee728b)
Start importing Assets/JMO Assets/WarFX/Demo/UI Canvas/CFX Demo Btn Arrow.png using Guid(6ca93523b0317c242b05932fedb07cb3) Importer(815301076,1909f56bfc062723c751e8b465ee728b)  -> (artifact id: '2d67d1fc34352e5a0065482f24429c37') in 0.129684 seconds 
========================================================================
Received Import Request.
  Time since last request: 0.000441 seconds.
  path: Assets/JMO Assets/WarFX/Demo/UI Canvas/CFX Demo Btn Ground H.png
  artifactKey: Guid(5cc9c4a6db9a74a40aaed761fc99294c) Importer(815301076,1909f56bfc062723c751e8b465ee728b)
Start importing Assets/JMO Assets/WarFX/Demo/UI Canvas/CFX Demo Btn Ground H.png using Guid(5cc9c4a6db9a74a40aaed761fc99294c) Importer(815301076,1909f56bfc062723c751e8b465ee728b)  -> (artifact id: '70695188a5415c2dadf98434d70260a0') in 0.066293 seconds 
========================================================================
Received Import Request.
  Time since last request: 0.001129 seconds.
  path: Assets/JMO Assets/WarFX/Demo/UI Canvas/CFX Demo Btn Camera.png
  artifactKey: Guid(4c72f3c555f96274787f31379fabb6ff) Importer(815301076,1909f56bfc062723c751e8b465ee728b)
Start importing Assets/JMO Assets/WarFX/Demo/UI Canvas/CFX Demo Btn Camera.png using Guid(4c72f3c555f96274787f31379fabb6ff) Importer(815301076,1909f56bfc062723c751e8b465ee728b)  -> (artifact id: 'c58b343314ef20ce6fee112b37fdbca2') in 0.055926 seconds 
========================================================================
Received Import Request.
  Time since last request: 0.000282 seconds.
  path: Assets/JMO Assets/WarFX/Demo/UI Canvas/CFX Demo Btn Camera H.png
  artifactKey: Guid(90cdb91b8028d984b9adf63a23402f86) Importer(815301076,1909f56bfc062723c751e8b465ee728b)
Start importing Assets/JMO Assets/WarFX/Demo/UI Canvas/CFX Demo Btn Camera H.png using Guid(90cdb91b8028d984b9adf63a23402f86) Importer(815301076,1909f56bfc062723c751e8b465ee728b)  -> (artifact id: 'f604b24e7c7f5527325411e6aa9b33ad') in 0.057210 seconds 
========================================================================
Received Import Request.
  Time since last request: 0.000295 seconds.
  path: Assets/JMO Assets/WarFX/Demo/UI Canvas/CFX Demo Btn Arrow R.png
  artifactKey: Guid(3783f195e2c8dc84cb1461fbe881e9cb) Importer(815301076,1909f56bfc062723c751e8b465ee728b)
Start importing Assets/JMO Assets/WarFX/Demo/UI Canvas/CFX Demo Btn Arrow R.png using Guid(3783f195e2c8dc84cb1461fbe881e9cb) Importer(815301076,1909f56bfc062723c751e8b465ee728b)  -> (artifact id: 'e1f93afbedcf7e28f0352f2b1ab6f7f3') in 0.073917 seconds 
========================================================================
Received Import Request.
  Time since last request: 0.000358 seconds.
  path: Assets/JMO Assets/WarFX/Demo/UI Canvas/CFX Demo Btn SlowMo H.png
  artifactKey: Guid(48624f05b683e4a4ab1a142e40fd6971) Importer(815301076,1909f56bfc062723c751e8b465ee728b)
Start importing Assets/JMO Assets/WarFX/Demo/UI Canvas/CFX Demo Btn SlowMo H.png using Guid(48624f05b683e4a4ab1a142e40fd6971) Importer(815301076,1909f56bfc062723c751e8b465ee728b)  -> (artifact id: 'c7c7072a8c3692be09a5bca71f6fd092') in 0.069782 seconds 
========================================================================
Received Import Request.
  Time since last request: 0.000221 seconds.
  path: Assets/JMO Assets/WarFX/Demo/UI Canvas/CFX Demo Btn SlowMo.png
  artifactKey: Guid(5ec8fc5d939ea2244985ca77a114c9d0) Importer(815301076,1909f56bfc062723c751e8b465ee728b)
Start importing Assets/JMO Assets/WarFX/Demo/UI Canvas/CFX Demo Btn SlowMo.png using Guid(5ec8fc5d939ea2244985ca77a114c9d0) Importer(815301076,1909f56bfc062723c751e8b465ee728b)  -> (artifact id: 'ffb746fcb198613cca51cacf79c6a9ab') in 0.058923 seconds 
========================================================================
Received Import Request.
  Time since last request: 0.000256 seconds.
  path: Assets/JMO Assets/WarFX/Demo/UI Canvas/CFX Demo Btn Ground.png
  artifactKey: Guid(a2bcf923df54ffa4ba7e795955c5dc22) Importer(815301076,1909f56bfc062723c751e8b465ee728b)
Start importing Assets/JMO Assets/WarFX/Demo/UI Canvas/CFX Demo Btn Ground.png using Guid(a2bcf923df54ffa4ba7e795955c5dc22) Importer(815301076,1909f56bfc062723c751e8b465ee728b)  -> (artifact id: '666ff1a35e9b49338190a3a1e92e7d7e') in 0.051987 seconds 
========================================================================
Received Import Request.
  Time since last request: 0.271190 seconds.
  path: Assets/FirstPersion AIO Pack/DemoScene/Working Textures/Reticle.png
  artifactKey: Guid(7fa7752f7f2a3fc4fbc2bcaea5671e2d) Importer(815301076,1909f56bfc062723c751e8b465ee728b)
Start importing Assets/FirstPersion AIO Pack/DemoScene/Working Textures/Reticle.png using Guid(7fa7752f7f2a3fc4fbc2bcaea5671e2d) Importer(815301076,1909f56bfc062723c751e8b465ee728b)  -> (artifact id: '47417f7432b5da846faa3baf98817251') in 0.031566 seconds 
========================================================================
Received Import Request.
  Time since last request: 0.000243 seconds.
  path: Assets/JMO Assets/WarFX/Demo/UI Canvas/WFX Demo Logo.png
  artifactKey: Guid(9162d39dfff8eee418769488b7282343) Importer(815301076,1909f56bfc062723c751e8b465ee728b)
Start importing Assets/JMO Assets/WarFX/Demo/UI Canvas/WFX Demo Logo.png using Guid(9162d39dfff8eee418769488b7282343) Importer(815301076,1909f56bfc062723c751e8b465ee728b)  -> (artifact id: '91d72e4786d11865c58c72c2ee204902') in 0.053264 seconds 
========================================================================
Received Import Request.
  Time since last request: 25.603019 seconds.
  path: Assets/e.png
  artifactKey: Guid(d5c01e9e50077984ea52e17b952f79bc) Importer(815301076,1909f56bfc062723c751e8b465ee728b)
Start importing Assets/e.png using Guid(d5c01e9e50077984ea52e17b952f79bc) Importer(815301076,1909f56bfc062723c751e8b465ee728b)  -> (artifact id: '21a5dc6d7248353189d1e7d0f52bc968') in 0.029104 seconds 
========================================================================
Received Prepare
Registering precompiled user dll's ...
Registered in 0.021185 seconds.
Begin MonoManager ReloadAssembly
Native extension for LinuxStandalone target not found
Native extension for WindowsStandalone target not found
Native extension for OSXStandalone target not found
Native extension for WebGL target not found
Refreshing native plugins compatible for Editor in 0.93 ms, found 1 plugins.
Preloading 0 native plugins for Editor in 0.00 ms.
Mono: successfully reloaded assembly
- Completed reload, in  2.762 seconds
Platform modules already initialized, skipping
Shader 'WFX/Transparent Specular': fallback shader 'Particles/Alpha Blended' not found
Shader 'WFX/Transparent Diffuse': fallback shader 'Particles/Alpha Blended' not found
Refreshing native plugins compatible for Editor in 0.71 ms, found 1 plugins.
Preloading 0 native plugins for Editor in 0.00 ms.
Unloading 2863 Unused Serialized files (Serialized files now loaded: 0)
System memory in use before: 314.9 MB.
System memory in use after: 315.1 MB.

Unloading 11 unused Assets to reduce memory usage. Loaded Objects now: 3716.
Total: 8.526200 ms (FindLiveObjects: 1.114800 ms CreateObjectMapping: 2.854800 ms MarkObjects: 4.490600 ms  DeleteObjects: 0.064800 ms)

========================================================================
Received Prepare
Registering precompiled user dll's ...
Registered in 0.009031 seconds.
Begin MonoManager ReloadAssembly
Native extension for LinuxStandalone target not found
Native extension for WindowsStandalone target not found
Native extension for OSXStandalone target not found
Native extension for WebGL target not found
Refreshing native plugins compatible for Editor in 0.78 ms, found 1 plugins.
Preloading 0 native plugins for Editor in 0.00 ms.
Mono: successfully reloaded assembly
- Completed reload, in  3.030 seconds
Platform modules already initialized, skipping
Shader 'WFX/Transparent Specular': fallback shader 'Particles/Alpha Blended' not found
Shader 'WFX/Transparent Diffuse': fallback shader 'Particles/Alpha Blended' not found
Refreshing native plugins compatible for Editor in 0.87 ms, found 1 plugins.
Preloading 0 native plugins for Editor in 0.00 ms.
Unloading 2849 Unused Serialized files (Serialized files now loaded: 0)
System memory in use before: 314.4 MB.
System memory in use after: 314.6 MB.

Unloading 11 unused Assets to reduce memory usage. Loaded Objects now: 3719.
Total: 10.912800 ms (FindLiveObjects: 7.187000 ms CreateObjectMapping: 0.233800 ms MarkObjects: 3.407600 ms  DeleteObjects: 0.082600 ms)

========================================================================
Received Import Request.
  Time since last request: 241.266140 seconds.
  path: Assets/Scenes/Menu.unity
  artifactKey: Guid(91e4de10541b02344b58c6888a7a1744) Importer(815301076,1909f56bfc062723c751e8b465ee728b)
Start importing Assets/Scenes/Menu.unity using Guid(91e4de10541b02344b58c6888a7a1744) Importer(815301076,1909f56bfc062723c751e8b465ee728b)  -> (artifact id: '689df94480829f7ccc18d41aa9b8fb24') in 0.024189 seconds 
========================================================================
Received Import Request.
  Time since last request: 0.296681 seconds.
  path: Assets/Scenes/Game.unity
  artifactKey: Guid(9fc0d4010bbf28b4594072e72b8655ab) Importer(815301076,1909f56bfc062723c751e8b465ee728b)
Start importing Assets/Scenes/Game.unity using Guid(9fc0d4010bbf28b4594072e72b8655ab) Importer(815301076,1909f56bfc062723c751e8b465ee728b)  -> (artifact id: '4b9564dd964e37daab26cc12a822ab2d') in 0.012180 seconds 
========================================================================
Received Import Request.
  Time since last request: 8.966840 seconds.
  path: Assets/Scenes/New Lighting Settings 1.lighting
  artifactKey: Guid(41ebbf5cefa98fb4ca5a4590e97ddc2d) Importer(815301076,1909f56bfc062723c751e8b465ee728b)
Start importing Assets/Scenes/New Lighting Settings 1.lighting using Guid(41ebbf5cefa98fb4ca5a4590e97ddc2d) Importer(815301076,1909f56bfc062723c751e8b465ee728b)  -> (artifact id: '01833725f5107cebbb472c640953a97f') in 0.017382 seconds 
========================================================================
Received Prepare
Registering precompiled user dll's ...
Registered in 0.011595 seconds.
Begin MonoManager ReloadAssembly
Native extension for LinuxStandalone target not found
Native extension for WindowsStandalone target not found
Native extension for OSXStandalone target not found
Native extension for WebGL target not found
Refreshing native plugins compatible for Editor in 1.87 ms, found 1 plugins.
Preloading 0 native plugins for Editor in 0.00 ms.
Mono: successfully reloaded assembly
- Completed reload, in  2.738 seconds
Platform modules already initialized, skipping
Shader 'WFX/Transparent Specular': fallback shader 'Particles/Alpha Blended' not found
Shader 'WFX/Transparent Diffuse': fallback shader 'Particles/Alpha Blended' not found
Refreshing native plugins compatible for Editor in 1.02 ms, found 1 plugins.
Preloading 0 native plugins for Editor in 0.00 ms.
Unloading 2849 Unused Serialized files (Serialized files now loaded: 0)
System memory in use before: 314.4 MB.
System memory in use after: 314.6 MB.

Unloading 11 unused Assets to reduce memory usage. Loaded Objects now: 3722.
Total: 6.306200 ms (FindLiveObjects: 0.376500 ms CreateObjectMapping: 0.771800 ms MarkObjects: 5.096600 ms  DeleteObjects: 0.059800 ms)

========================================================================
Received Prepare
Registering precompiled user dll's ...
Registered in 0.004454 seconds.
Begin MonoManager ReloadAssembly
Native extension for LinuxStandalone target not found
Native extension for WindowsStandalone target not found
Native extension for OSXStandalone target not found
Native extension for WebGL target not found
Refreshing native plugins compatible for Editor in 0.70 ms, found 1 plugins.
Preloading 0 native plugins for Editor in 0.00 ms.
Mono: successfully reloaded assembly
- Completed reload, in  2.811 seconds
Platform modules already initialized, skipping
Shader 'WFX/Transparent Specular': fallback shader 'Particles/Alpha Blended' not found
Shader 'WFX/Transparent Diffuse': fallback shader 'Particles/Alpha Blended' not found
Refreshing native plugins compatible for Editor in 0.99 ms, found 1 plugins.
Preloading 0 native plugins for Editor in 0.00 ms.
Unloading 2849 Unused Serialized files (Serialized files now loaded: 0)
System memory in use before: 314.5 MB.
System memory in use after: 314.7 MB.

Unloading 11 unused Assets to reduce memory usage. Loaded Objects now: 3725.
Total: 10.229800 ms (FindLiveObjects: 6.491800 ms CreateObjectMapping: 0.803500 ms MarkObjects: 2.867000 ms  DeleteObjects: 0.066100 ms)

========================================================================
Received Prepare
Registering precompiled user dll's ...
Registered in 0.009040 seconds.
Begin MonoManager ReloadAssembly
Native extension for LinuxStandalone target not found
Native extension for WindowsStandalone target not found
Native extension for OSXStandalone target not found
Native extension for WebGL target not found
Refreshing native plugins compatible for Editor in 0.82 ms, found 1 plugins.
Preloading 0 native plugins for Editor in 0.00 ms.
Mono: successfully reloaded assembly
- Completed reload, in  3.384 seconds
Platform modules already initialized, skipping
Shader 'WFX/Transparent Specular': fallback shader 'Particles/Alpha Blended' not found
Shader 'WFX/Transparent Diffuse': fallback shader 'Particles/Alpha Blended' not found
Refreshing native plugins compatible for Editor in 0.70 ms, found 1 plugins.
Preloading 0 native plugins for Editor in 0.00 ms.
Unloading 2849 Unused Serialized files (Serialized files now loaded: 0)
System memory in use before: 314.5 MB.
System memory in use after: 314.7 MB.

Unloading 11 unused Assets to reduce memory usage. Loaded Objects now: 3728.
Total: 6.363000 ms (FindLiveObjects: 0.594000 ms CreateObjectMapping: 2.059800 ms MarkObjects: 3.604100 ms  DeleteObjects: 0.104000 ms)

========================================================================
Received Import Request.
  Time since last request: 1558.844025 seconds.
  path: Assets/FirstPersion AIO Pack/FirstPersonAIO/FirstPerson-AIO.prefab
  artifactKey: Guid(2e62f5703e5f8d2488a5e1bc8433be41) Importer(815301076,1909f56bfc062723c751e8b465ee728b)
Start importing Assets/FirstPersion AIO Pack/FirstPersonAIO/FirstPerson-AIO.prefab using Guid(2e62f5703e5f8d2488a5e1bc8433be41) Importer(815301076,1909f56bfc062723c751e8b465ee728b)  -> (artifact id: 'a17afd11834e4bad33cc31612269aad3') in 0.216013 seconds 
========================================================================
Received Import Request.
  Time since last request: 23.973845 seconds.
  path: Assets/FirstPersion AIO Pack/FirstPersonAIO/FirstPerson-AIO.prefab
  artifactKey: Guid(2e62f5703e5f8d2488a5e1bc8433be41) Importer(815301076,1909f56bfc062723c751e8b465ee728b)
Start importing Assets/FirstPersion AIO Pack/FirstPersonAIO/FirstPerson-AIO.prefab using Guid(2e62f5703e5f8d2488a5e1bc8433be41) Importer(815301076,1909f56bfc062723c751e8b465ee728b)  -> (artifact id: '53403c742ad4b891ac04bd565331e292') in 0.073204 seconds 
========================================================================
Received Prepare
Registering precompiled user dll's ...
Registered in 0.009280 seconds.
Begin MonoManager ReloadAssembly
Native extension for LinuxStandalone target not found
Native extension for WindowsStandalone target not found
Native extension for OSXStandalone target not found
Native extension for WebGL target not found
Refreshing native plugins compatible for Editor in 2.49 ms, found 1 plugins.
Preloading 0 native plugins for Editor in 0.00 ms.
Mono: successfully reloaded assembly
- Completed reload, in  1.707 seconds
Platform modules already initialized, skipping
Shader 'WFX/Transparent Specular': fallback shader 'Particles/Alpha Blended' not found
Shader 'WFX/Transparent Diffuse': fallback shader 'Particles/Alpha Blended' not found
Refreshing native plugins compatible for Editor in 0.62 ms, found 1 plugins.
Preloading 0 native plugins for Editor in 0.00 ms.
Unloading 2849 Unused Serialized files (Serialized files now loaded: 0)
System memory in use before: 314.5 MB.
System memory in use after: 314.7 MB.

Unloading 12 unused Assets to reduce memory usage. Loaded Objects now: 3731.
Total: 2.707000 ms (FindLiveObjects: 0.349000 ms CreateObjectMapping: 0.099600 ms MarkObjects: 2.187800 ms  DeleteObjects: 0.068400 ms)

AssetImportWorkerClient::OnTransportError - code=2 error=End of file
